<?xml version="1.0" encoding="UTF-8"?>
<testng-results ignored="0" total="1" passed="1" failed="0" skipped="0">
  <reporter-output>
  </reporter-output>
  <suite started-at="2023-08-31T19:50:20 EDT" name="Default suite" finished-at="2023-08-31T19:50:32 EDT" duration-ms="12051">
    <groups>
    </groups>
    <test started-at="2023-08-31T19:50:20 EDT" name="Default test" finished-at="2023-08-31T19:50:32 EDT" duration-ms="12051">
      <class name="com.teckArch.sfdc.TC36_BlockingAnEventInTheCalender">
        <test-method is-config="true" signature="startConnLaunchBrowser()[pri:0, instance:com.teckArch.sfdc.TC36_BlockingAnEventInTheCalender@702657cc]" started-at="2023-08-31T19:50:20 EDT" name="startConnLaunchBrowser" finished-at="2023-08-31T19:50:24 EDT" duration-ms="3571" status="PASS">
          <reporter-output>
          </reporter-output>
        </test-method> <!-- startConnLaunchBrowser -->
        <test-method signature="blockingAnEventInTheCalender()[pri:0, instance:com.teckArch.sfdc.TC36_BlockingAnEventInTheCalender@702657cc]" started-at="2023-08-31T19:50:24 EDT" name="blockingAnEventInTheCalender" finished-at="2023-08-31T19:50:32 EDT" duration-ms="8294" status="PASS">
          <reporter-output>
          </reporter-output>
        </test-method> <!-- blockingAnEventInTheCalender -->
        <test-method is-config="true" signature="closeConn()[pri:0, instance:com.teckArch.sfdc.TC36_BlockingAnEventInTheCalender@702657cc]" started-at="2023-08-31T19:50:32 EDT" name="closeConn" finished-at="2023-08-31T19:50:32 EDT" duration-ms="149" status="PASS">
          <reporter-output>
          </reporter-output>
        </test-method> <!-- closeConn -->
      </class> <!-- com.teckArch.sfdc.TC36_BlockingAnEventInTheCalender -->
    </test> <!-- Default test -->
  </suite> <!-- Default suite -->
</testng-results>
